<?xml version="1.0" encoding="UTF-8"?>
<testsuite name="com.co.booking.runners.contactUsFormRunner" tests="0" skipped="0" failures="0" errors="0" timestamp="1970-01-01T00:00:00" hostname="DESKTOP-AM3VRUH" time="0.0">
  <properties/>
  <system-out><![CDATA[
6 Scenarios (?[32m6 passed?[0m)
18 Steps (?[32m18 passed?[0m)
0m52,680s


]]></system-out>
  <system-err><![CDATA[[Test worker] INFO io.cucumber.core.plugin.SerenityReporter - Running feature from file:///C:/Users/AdminSena/Documents/GitHub/Senasoft2023Grupo15/Proyecto/SCREENPLAY/src/test/resources/features/contactusform.feature
[Test worker] INFO  - 

-------------------------------------------------------------------------------------
     _______. _______ .______       _______ .__   __.  __  .___________.____    ____ 
    /       ||   ____||   _  \     |   ____||  \ |  | |  | |           |\   \  /   / 
   |   (----`|  |__   |  |_)  |    |  |__   |   \|  | |  | `---|  |----` \   \/   /  
    \   \    |   __|  |      /     |   __|  |  . `  | |  |     |  |       \_    _/   
.----)   |   |  |____ |  |\  \----.|  |____ |  |\   | |  |     |  |         |  |     
|_______/    |_______|| _| `._____||_______||__| \__| |__|     |__|         |__|    
                                                                                     
 News and tutorials at http://www.serenity-bdd.info                                  
 Documentation at https://wakaleo.gitbooks.io/the-serenity-book/content/             
 Join the Serenity Community on Gitter: https://gitter.im/serenity-bdd/serenity-core 
 Serenity BDD Support and Training at http://serenity-bdd.info/#/trainingandsupport  
-------------------------------------------------------------------------------------

[Test worker] INFO  - Test Suite Started: Contact Us Form
[pool-1-thread-1] INFO net.thucydides.core.reports.ReportService - net.thucydides.core.reports.json.JSONTestOutcomeReporter@2d4a3e13: Generating report for test outcome: Contact Us Form:Validation of the "Save time and money" form without entering an email address
[pool-1-thread-2] INFO net.thucydides.core.reports.ReportService - net.thucydides.core.reports.json.JSONTestOutcomeReporter@2d4a3e13: Generating report for test outcome: Contact Us Form:Validation of the "Save time and money" form with numbers
[pool-1-thread-3] INFO net.thucydides.core.reports.ReportService - net.thucydides.core.reports.json.JSONTestOutcomeReporter@2d4a3e13: Generating report for test outcome: Contact Us Form:Validation of "Save time and money" form letters
[pool-1-thread-4] INFO net.thucydides.core.reports.ReportService - net.thucydides.core.reports.json.JSONTestOutcomeReporter@2d4a3e13: Generating report for test outcome: Contact Us Form:Validation of the "Save time and money" form with symbols
[pool-1-thread-5] INFO net.thucydides.core.reports.ReportService - net.thucydides.core.reports.json.JSONTestOutcomeReporter@2d4a3e13: Generating report for test outcome: Contact Us Form:Validation of "Save time and money" form with alphanumeric
[pool-1-thread-6] INFO net.thucydides.core.reports.ReportService - net.thucydides.core.reports.json.JSONTestOutcomeReporter@2d4a3e13: Generating report for test outcome: Contact Us Form:Validación of the "Save Time and Money" form with mailing
[pool-2-thread-1] INFO net.thucydides.core.reports.ReportService - net.thucydides.core.reports.html.HtmlAcceptanceTestReporter@1c1fa494: Generating report for test outcome: Contact Us Form:Validation of the "Save time and money" form without entering an email address
[pool-2-thread-3] INFO net.thucydides.core.reports.ReportService - net.thucydides.core.reports.html.HtmlAcceptanceTestReporter@1c1fa494: Generating report for test outcome: Contact Us Form:Validation of "Save time and money" form letters
[pool-2-thread-6] INFO net.thucydides.core.reports.ReportService - net.thucydides.core.reports.html.HtmlAcceptanceTestReporter@1c1fa494: Generating report for test outcome: Contact Us Form:Validación of the "Save Time and Money" form with mailing
[pool-2-thread-2] INFO net.thucydides.core.reports.ReportService - net.thucydides.core.reports.html.HtmlAcceptanceTestReporter@1c1fa494: Generating report for test outcome: Contact Us Form:Validation of the "Save time and money" form with numbers
[pool-2-thread-4] INFO net.thucydides.core.reports.ReportService - net.thucydides.core.reports.html.HtmlAcceptanceTestReporter@1c1fa494: Generating report for test outcome: Contact Us Form:Validation of the "Save time and money" form with symbols
[pool-2-thread-5] INFO net.thucydides.core.reports.ReportService - net.thucydides.core.reports.html.HtmlAcceptanceTestReporter@1c1fa494: Generating report for test outcome: Contact Us Form:Validation of "Save time and money" form with alphanumeric
[Test worker] INFO io.cucumber.core.plugin.SerenityReporter - Cleanup test resources for URI file:///C:/Users/AdminSena/Documents/GitHub/Senasoft2023Grupo15/Proyecto/SCREENPLAY/src/test/resources/features/contactusform.feature
]]></system-err>
</testsuite>
