<?xml version="1.0" encoding="UTF-8"?>
<testsuite name="com.co.booking.runners.RegisterRunner" tests="0" skipped="0" failures="0" errors="0" timestamp="1970-01-01T00:00:00" hostname="BOSAPRRDCFSP692" time="0.0">
  <properties/>
  <system-out><![CDATA[
?[31mFailed scenarios:?[0m
file:///C:/Users/Administrador/Documents/GitHub/Senasoft2023Grupo15/Proyecto/SCREENPLAY/src/test/resources/features/register.feature:4 # Successful register

5 Scenarios (?[31m1 failed?[0m, ?[32m4 passed?[0m)
15 Steps (?[31m1 failed?[0m, ?[32m14 passed?[0m)
1m19,178s


java.lang.AssertionError: no such element: Unable to locate element: {"method":"xpath","selector":"//*[text()='Â¿Eres un robot?']"}
  (Session info: chrome=117.0.5938.92)
For documentation on this error, please visit: https://www.seleniumhq.org/exceptions/no_such_element.html
Build info: version: '3.141.59', revision: 'e82be7d358', time: '2018-11-14T08:17:03'
System info: host: 'BOSAPRRDCFSP692', ip: '172.18.1.224', os.name: 'Windows 10', os.arch: 'amd64', os.version: '10.0', java.version: '1.8.0_202'
Driver info: org.openqa.selenium.chrome.ChromeDriver
Capabilities {acceptInsecureCerts: false, browserName: chrome, browserVersion: 117.0.5938.92, chrome: {chromedriverVersion: 117.0.5938.92 (67649b10b92b..., userDataDir: C:\Program Files\scoped_dir...}, fedcm:accounts: true, goog:chromeOptions: {debuggerAddress: localhost:57283}, javascriptEnabled: true, networkConnectionEnabled: false, pageLoadStrategy: normal, platform: WINDOWS, platformName: WINDOWS, proxy: Proxy(), setWindowRect: true, strictFileInteractability: false, timeouts: {implicit: 0, pageLoad: 300000, script: 30000}, unhandledPromptBehavior: dismiss and notify, webauthn:extension:credBlob: true, webauthn:extension:largeBlob: true, webauthn:extension:minPinLength: true, webauthn:extension:prf: true, webauthn:virtualAuthenticators: true}
Session ID: 0d12f2b4f1c14722c5224431f9091e86
*** Element info: {Using=xpath, value=//*[text()='Â¿Eres un robot?']}
	at net.serenitybdd.screenplay.ErrorTally.throwSummaryExceptionFrom(ErrorTally.java:38)
	at net.serenitybdd.screenplay.ErrorTally.reportAnyErrors(ErrorTally.java:32)
	at net.serenitybdd.screenplay.Actor.should(Actor.java:322)
	at com.co.booking.steptsdefinitions.RegisterStepDefinition.TheUserCanSeeTheirAccountSettings(RegisterStepDefinition.java:45)
	at ?.the user can see their account settings(file:///C:/Users/Administrador/Documents/GitHub/Senasoft2023Grupo15/Proyecto/SCREENPLAY/src/test/resources/features/register.feature:7)


]]></system-out>
  <system-err><![CDATA[[Test worker] INFO io.cucumber.core.plugin.SerenityReporter - Running feature from file:///C:/Users/Administrador/Documents/GitHub/Senasoft2023Grupo15/Proyecto/SCREENPLAY/src/test/resources/features/register.feature
[Test worker] INFO  - 

-------------------------------------------------------------------------------------
     _______. _______ .______       _______ .__   __.  __  .___________.____    ____ 
    /       ||   ____||   _  \     |   ____||  \ |  | |  | |           |\   \  /   / 
   |   (----`|  |__   |  |_)  |    |  |__   |   \|  | |  | `---|  |----` \   \/   /  
    \   \    |   __|  |      /     |   __|  |  . `  | |  |     |  |       \_    _/   
.----)   |   |  |____ |  |\  \----.|  |____ |  |\   | |  |     |  |         |  |     
|_______/    |_______|| _| `._____||_______||__| \__| |__|     |__|         |__|    
                                                                                     
 News and tutorials at http://www.serenity-bdd.info                                  
 Documentation at https://wakaleo.gitbooks.io/the-serenity-book/content/             
 Join the Serenity Community on Gitter: https://gitter.im/serenity-bdd/serenity-core 
 Serenity BDD Support and Training at http://serenity-bdd.info/#/trainingandsupport  
-------------------------------------------------------------------------------------

[Test worker] INFO  - Test Suite Started: Register
[pool-1-thread-1] INFO net.thucydides.core.reports.ReportService - net.thucydides.core.reports.json.JSONTestOutcomeReporter@7c9372ed: Generating report for test outcome: Register:Successful register
[pool-1-thread-4] INFO net.thucydides.core.reports.ReportService - net.thucydides.core.reports.json.JSONTestOutcomeReporter@7c9372ed: Generating report for test outcome: Register:Register Fail
[pool-1-thread-5] INFO net.thucydides.core.reports.ReportService - net.thucydides.core.reports.json.JSONTestOutcomeReporter@7c9372ed: Generating report for test outcome: Register:Failed registration empty fields in email
[pool-1-thread-2] INFO net.thucydides.core.reports.ReportService - net.thucydides.core.reports.json.JSONTestOutcomeReporter@7c9372ed: Generating report for test outcome: Register:Failed registration due to numerical data
[pool-1-thread-3] INFO net.thucydides.core.reports.ReportService - net.thucydides.core.reports.json.JSONTestOutcomeReporter@7c9372ed: Generating report for test outcome: Register:Failed Registration due to special characters
[pool-2-thread-5] INFO net.thucydides.core.reports.ReportService - net.thucydides.core.reports.html.HtmlAcceptanceTestReporter@3bcc8f13: Generating report for test outcome: Register:Failed registration empty fields in email
[pool-2-thread-1] INFO net.thucydides.core.reports.ReportService - net.thucydides.core.reports.html.HtmlAcceptanceTestReporter@3bcc8f13: Generating report for test outcome: Register:Successful register
[pool-2-thread-3] INFO net.thucydides.core.reports.ReportService - net.thucydides.core.reports.html.HtmlAcceptanceTestReporter@3bcc8f13: Generating report for test outcome: Register:Failed Registration due to special characters
[pool-2-thread-2] INFO net.thucydides.core.reports.ReportService - net.thucydides.core.reports.html.HtmlAcceptanceTestReporter@3bcc8f13: Generating report for test outcome: Register:Failed registration due to numerical data
[pool-2-thread-4] INFO net.thucydides.core.reports.ReportService - net.thucydides.core.reports.html.HtmlAcceptanceTestReporter@3bcc8f13: Generating report for test outcome: Register:Register Fail
[Test worker] INFO io.cucumber.core.plugin.SerenityReporter - Cleanup test resources for URI file:///C:/Users/Administrador/Documents/GitHub/Senasoft2023Grupo15/Proyecto/SCREENPLAY/src/test/resources/features/register.feature
]]></system-err>
</testsuite>
